2026-02-11 15:57:55,824 - INFO - === Бот мониторинга листингов запущен ===
2026-02-11 15:57:55,825 - INFO - Интервал проверки: 300 секунд
2026-02-11 15:57:55,825 - INFO - ==================================================
2026-02-11 15:57:55,825 - INFO - Начало цикла проверки
2026-02-11 15:57:55,825 - INFO - Обрабатываем Binance...
2026-02-11 15:57:57,276 - INFO - Binance — изменений нет
2026-02-11 15:57:58,281 - INFO - Обрабатываем KuCoin...
2026-02-11 15:57:59,251 - INFO - KuCoin — изменений нет
2026-02-11 15:58:00,252 - INFO - Обрабатываем Gate.io...
2026-02-11 15:58:02,803 - INFO - Gate.io — изменений нет
2026-02-11 15:58:03,807 - INFO - Обрабатываем MEXC...
2026-02-11 15:58:04,620 - INFO - MEXC — изменений нет
2026-02-11 15:58:05,621 - INFO - Обрабатываем LBank...
2026-02-11 15:58:07,336 - INFO - LBank — изменений нет
2026-02-11 15:58:08,336 - INFO - Обрабатываем Upbit...
2026-02-11 15:58:10,074 - INFO - Upbit — изменений нет
2026-02-11 15:58:11,075 - INFO - Обрабатываем Bybit...
2026-02-11 15:58:12,069 - INFO - Bybit — изменений нет
2026-02-11 15:58:13,070 - INFO - Обрабатываем OKX...
2026-02-11 15:58:14,068 - INFO - OKX — изменений нет
2026-02-11 15:58:15,069 - INFO - Нет изменений, уведомление не отправлено
2026-02-11 15:58:15,069 - INFO - Конец цикла проверки
2026-02-11 15:58:15,069 - INFO - Следующая проверка через 300 секунд...
2026-02-11 16:02:52,431 - INFO - === Listings monitoring bot started ===
2026-02-11 16:02:52,431 - INFO - Check interval: 300 seconds
2026-02-11 16:02:52,432 - INFO - ==================================================
2026-02-11 16:02:52,432 - INFO - Starting check cycle
2026-02-11 16:02:52,432 - INFO - Processing Binance...
2026-02-11 16:02:53,858 - INFO - Binance — no changes
2026-02-11 16:02:54,864 - INFO - Processing KuCoin...
2026-02-11 16:02:55,881 - INFO - KuCoin — no changes
2026-02-11 16:02:56,881 - INFO - Processing Gate.io...
2026-02-11 16:02:59,506 - INFO - Gate.io — no changes
2026-02-11 16:03:00,507 - INFO - Processing MEXC...
2026-02-11 16:03:01,410 - INFO - MEXC — no changes
2026-02-11 16:03:02,411 - INFO - Processing LBank...
2026-02-11 16:03:03,956 - INFO - LBank — no changes
2026-02-11 16:03:04,957 - INFO - Processing Upbit...
2026-02-11 16:03:06,512 - INFO - Upbit — no changes
2026-02-11 16:03:07,513 - INFO - Processing Bybit...
2026-02-11 16:03:08,416 - INFO - Bybit — no changes
2026-02-11 16:03:09,417 - INFO - Processing OKX...
2026-02-11 16:03:10,259 - INFO - OKX — no changes
2026-02-11 16:03:11,260 - INFO - No changes, notification not sent
2026-02-11 16:03:11,260 - INFO - Check cycle finished
2026-02-11 16:03:11,260 - INFO - Next check in 300 seconds...
2026-02-11 16:08:11,262 - INFO - ==================================================
2026-02-11 16:08:11,262 - INFO - Starting check cycle
2026-02-11 16:08:11,263 - INFO - Processing Binance...
2026-02-11 16:08:12,954 - INFO - Binance — new: 5, delisted: 0
2026-02-11 16:08:13,960 - INFO - Processing KuCoin...
2026-02-11 16:08:14,968 - INFO - KuCoin — no changes
2026-02-11 16:08:15,969 - INFO - Processing Gate.io...
2026-02-11 16:08:18,393 - INFO - Gate.io — no changes
2026-02-11 16:08:19,394 - INFO - Processing MEXC...
2026-02-11 16:08:20,092 - INFO - MEXC — no changes
2026-02-11 16:08:21,093 - INFO - Processing LBank...
2026-02-11 16:08:22,455 - INFO - LBank — no changes
2026-02-11 16:08:23,456 - INFO - Processing Upbit...
2026-02-11 16:08:24,805 - INFO - Upbit — no changes
2026-02-11 16:08:25,807 - INFO - Processing Bybit...
2026-02-11 16:08:27,096 - INFO - Bybit — no changes
2026-02-11 16:08:28,097 - INFO - Processing OKX...
2026-02-11 16:08:28,886 - INFO - OKX — no changes
2026-02-11 16:08:30,294 - INFO - HTTP Request: POST https://api.telegram.org/bot8243944572:AAGrQb0zPBdxhtlWC2-fY8go9TDf_i36OdE/sendMessage "HTTP/1.1 200 OK"
2026-02-11 16:08:30,297 - INFO - Notification sent (1 exchanges with changes)
2026-02-11 16:08:30,297 - INFO - Check cycle finished
2026-02-11 16:08:30,297 - INFO - Next check in 300 seconds...
2026-02-11 16:13:30,299 - INFO - ==================================================
2026-02-11 16:13:30,300 - INFO - Starting check cycle
2026-02-11 16:13:30,300 - INFO - Processing Binance...
2026-02-11 16:13:32,594 - INFO - Binance — new: 0, delisted: 1
2026-02-11 16:13:33,600 - INFO - Processing KuCoin...
2026-02-11 16:13:34,575 - INFO - KuCoin — no changes
2026-02-11 16:13:35,576 - INFO - Processing Gate.io...
2026-02-11 16:13:38,052 - INFO - Gate.io — no changes
2026-02-11 16:13:39,053 - INFO - Processing MEXC...
2026-02-11 16:13:40,123 - INFO - MEXC — no changes
2026-02-11 16:13:41,124 - INFO - Processing LBank...
2026-02-11 16:13:42,912 - INFO - LBank — no changes
2026-02-11 16:13:43,913 - INFO - Processing Upbit...
2026-02-11 16:13:45,630 - INFO - Upbit — no changes
2026-02-11 16:13:46,631 - INFO - Processing Bybit...
2026-02-11 16:13:47,608 - INFO - Bybit — no changes
2026-02-11 16:13:48,610 - INFO - Processing OKX...
2026-02-11 16:13:49,427 - INFO - OKX — no changes
2026-02-11 16:13:50,430 - ERROR - Telegram send error: 'charmap' codec can't encode character '\u274c' in position 0: character maps to <undefined>
2026-02-11 16:13:50,430 - INFO - Check cycle finished
2026-02-11 16:13:50,430 - INFO - Next check in 300 seconds...
2026-02-11 16:15:15,677 - INFO - === Listings monitoring bot started ===
2026-02-11 16:15:15,677 - INFO - Check interval: 50 seconds
2026-02-11 16:15:15,677 - INFO - ==================================================
2026-02-11 16:15:15,677 - INFO - Starting check cycle
2026-02-11 16:15:15,677 - INFO - Processing Binance...
2026-02-11 16:15:17,164 - INFO - Binance — new: 0, delisted: 1
2026-02-11 16:15:18,170 - INFO - Processing KuCoin...
2026-02-11 16:15:19,281 - INFO - KuCoin — no changes
2026-02-11 16:15:20,281 - INFO - Processing Gate.io...
2026-02-11 16:15:22,859 - INFO - Gate.io — no changes
2026-02-11 16:15:23,861 - INFO - Processing MEXC...
2026-02-11 16:15:24,600 - INFO - MEXC — no changes
2026-02-11 16:15:25,602 - INFO - Processing LBank...
2026-02-11 16:15:27,005 - INFO - LBank — no changes
2026-02-11 16:15:28,006 - INFO - Processing Upbit...
2026-02-11 16:15:29,339 - INFO - Upbit — no changes
2026-02-11 16:15:30,340 - INFO - Processing Bybit...
2026-02-11 16:15:31,509 - INFO - Bybit — no changes
2026-02-11 16:15:32,510 - INFO - Processing OKX...
2026-02-11 16:15:33,362 - INFO - OKX — no changes
2026-02-11 16:15:34,658 - INFO - HTTP Request: POST https://api.telegram.org/bot8243944572:AAGrQb0zPBdxhtlWC2-fY8go9TDf_i36OdE/sendMessage "HTTP/1.1 200 OK"
2026-02-11 16:15:34,660 - INFO - Notification sent (1 exchanges with changes)
2026-02-11 16:15:34,660 - INFO - Check cycle finished
2026-02-11 16:15:34,661 - INFO - Next check in 50 seconds...
2026-02-11 16:16:24,662 - INFO - ==================================================
2026-02-11 16:16:24,662 - INFO - Starting check cycle
2026-02-11 16:16:24,663 - INFO - Processing Binance...
2026-02-11 16:16:26,028 - INFO - Binance — no changes
2026-02-11 16:16:27,034 - INFO - Processing KuCoin...
2026-02-11 16:16:27,953 - INFO - KuCoin — no changes
2026-02-11 16:16:28,954 - INFO - Processing Gate.io...
2026-02-11 16:16:31,306 - INFO - Gate.io — no changes
2026-02-11 16:16:32,306 - INFO - Processing MEXC...
2026-02-11 16:16:33,094 - INFO - MEXC — no changes
2026-02-11 16:16:34,095 - INFO - Processing LBank...
2026-02-11 16:16:35,613 - INFO - LBank — no changes
2026-02-11 16:16:36,614 - INFO - Processing Upbit...
2026-02-11 16:16:37,935 - INFO - Upbit — no changes
2026-02-11 16:16:38,935 - INFO - Processing Bybit...
2026-02-11 16:16:39,804 - INFO - Bybit — no changes
2026-02-11 16:16:40,805 - INFO - Processing OKX...
2026-02-11 16:16:41,786 - INFO - OKX — no changes
2026-02-11 16:16:42,788 - INFO - No changes, notification not sent
2026-02-11 16:16:42,788 - INFO - Check cycle finished
2026-02-11 16:16:42,788 - INFO - Next check in 50 seconds...
2026-02-11 16:17:32,789 - INFO - ==================================================
2026-02-11 16:17:32,790 - INFO - Starting check cycle
2026-02-11 16:17:32,790 - INFO - Processing Binance...
2026-02-11 16:17:34,635 - INFO - Binance — no changes
2026-02-11 16:17:35,642 - INFO - Processing KuCoin...
2026-02-11 16:17:36,681 - INFO - KuCoin — no changes
2026-02-11 16:17:37,681 - INFO - Processing Gate.io...
2026-02-11 16:17:40,074 - INFO - Gate.io — no changes
2026-02-11 16:17:41,075 - INFO - Processing MEXC...
2026-02-11 16:17:41,782 - INFO - MEXC — no changes
2026-02-11 16:17:42,783 - INFO - Processing LBank...
2026-02-11 16:17:44,175 - INFO - LBank — no changes
2026-02-11 16:17:45,176 - INFO - Processing Upbit...
2026-02-11 16:17:46,487 - INFO - Upbit — no changes
2026-02-11 16:17:47,487 - INFO - Processing Bybit...
2026-02-11 16:17:48,371 - INFO - Bybit — no changes
2026-02-11 16:17:49,372 - INFO - Processing OKX...
2026-02-11 16:17:50,325 - INFO - OKX — no changes
2026-02-11 16:17:51,325 - INFO - No changes, notification not sent
2026-02-11 16:17:51,325 - INFO - Check cycle finished
2026-02-11 16:17:51,326 - INFO - Next check in 50 seconds...
2026-02-11 16:18:41,328 - INFO - ==================================================
2026-02-11 16:18:41,328 - INFO - Starting check cycle
2026-02-11 16:18:41,328 - INFO - Processing Binance...
2026-02-11 16:18:43,404 - INFO - Binance — no changes
2026-02-11 16:18:44,413 - INFO - Processing KuCoin...
2026-02-11 16:18:45,668 - INFO - KuCoin — no changes
2026-02-11 16:18:46,669 - INFO - Processing Gate.io...
2026-02-11 16:18:49,259 - INFO - Gate.io — no changes
2026-02-11 16:18:50,261 - INFO - Processing MEXC...
2026-02-11 16:18:51,145 - INFO - MEXC — no changes
2026-02-11 16:18:52,148 - INFO - Processing LBank...
2026-02-11 16:18:53,656 - INFO - LBank — no changes
2026-02-11 16:18:54,657 - INFO - Processing Upbit...
2026-02-11 16:18:56,273 - INFO - Upbit — no changes
2026-02-11 16:18:57,273 - INFO - Processing Bybit...
2026-02-11 16:18:58,807 - INFO - Bybit — no changes
2026-02-11 16:18:59,808 - INFO - Processing OKX...
2026-02-11 16:19:00,682 - INFO - OKX — no changes
2026-02-11 16:19:01,682 - INFO - No changes, notification not sent
2026-02-11 16:19:01,683 - INFO - Check cycle finished
2026-02-11 16:19:01,683 - INFO - Next check in 50 seconds...
2026-02-11 16:19:51,684 - INFO - ==================================================
2026-02-11 16:19:51,685 - INFO - Starting check cycle
2026-02-11 16:19:51,686 - INFO - Processing Binance...
2026-02-11 16:19:53,107 - INFO - Binance — no changes
2026-02-11 16:19:54,113 - INFO - Processing KuCoin...
2026-02-11 16:19:55,049 - INFO - KuCoin — no changes
2026-02-11 16:19:56,050 - INFO - Processing Gate.io...
2026-02-11 16:19:58,422 - INFO - Gate.io — no changes
2026-02-11 16:19:59,423 - INFO - Processing MEXC...
2026-02-11 16:20:00,346 - INFO - MEXC — no changes
2026-02-11 16:20:01,348 - INFO - Processing LBank...
2026-02-11 16:20:02,756 - INFO - LBank — no changes
2026-02-11 16:20:03,757 - INFO - Processing Upbit...
2026-02-11 16:20:05,081 - INFO - Upbit — no changes
2026-02-11 16:20:06,082 - INFO - Processing Bybit...
2026-02-11 16:20:07,654 - INFO - Bybit — no changes
2026-02-11 16:20:08,655 - INFO - Processing OKX...
2026-02-11 16:20:09,448 - INFO - OKX — no changes
2026-02-11 16:20:10,449 - INFO - No changes, notification not sent
2026-02-11 16:20:10,449 - INFO - Check cycle finished
2026-02-11 16:20:10,450 - INFO - Next check in 50 seconds...
2026-02-11 16:21:00,468 - INFO - ==================================================
2026-02-11 16:21:00,470 - INFO - Starting check cycle
2026-02-11 16:21:00,470 - INFO - Processing Binance...
2026-02-11 16:21:03,229 - INFO - Binance — no changes
2026-02-11 16:21:04,235 - INFO - Processing KuCoin...
2026-02-11 16:21:05,298 - INFO - KuCoin — no changes
2026-02-11 16:21:06,299 - INFO - Processing Gate.io...
2026-02-11 16:21:09,199 - INFO - Gate.io — no changes
2026-02-11 16:21:10,199 - INFO - Processing MEXC...
2026-02-11 16:21:10,984 - INFO - MEXC — no changes
2026-02-11 16:21:11,985 - INFO - Processing LBank...
2026-02-11 16:21:13,761 - INFO - LBank — no changes
2026-02-11 16:21:14,761 - INFO - Processing Upbit...
2026-02-11 16:21:16,477 - INFO - Upbit — no changes
2026-02-11 16:21:17,478 - INFO - Processing Bybit...
2026-02-11 16:21:19,473 - INFO - Bybit — no changes
2026-02-11 16:21:20,473 - INFO - Processing OKX...
2026-02-11 16:21:21,699 - INFO - OKX — no changes
2026-02-11 16:21:22,699 - INFO - No changes, notification not sent
2026-02-11 16:21:22,700 - INFO - Check cycle finished
2026-02-11 16:21:22,700 - INFO - Next check in 50 seconds...
2026-02-11 16:22:12,710 - INFO - ==================================================
2026-02-11 16:22:12,711 - INFO - Starting check cycle
2026-02-11 16:22:12,711 - INFO - Processing Binance...
2026-02-11 16:22:15,452 - INFO - Binance — no changes
2026-02-11 16:22:16,460 - INFO - Processing KuCoin...
2026-02-11 16:22:17,839 - INFO - KuCoin — no changes
2026-02-11 16:22:18,841 - INFO - Processing Gate.io...
2026-02-11 16:22:21,345 - INFO - Gate.io — no changes
2026-02-11 16:22:22,346 - INFO - Processing MEXC...
2026-02-11 16:22:23,271 - INFO - MEXC — no changes
2026-02-11 16:22:24,272 - INFO - Processing LBank...
2026-02-11 16:22:25,986 - INFO - LBank — no changes
2026-02-11 16:22:26,986 - INFO - Processing Upbit...
2026-02-11 16:22:28,912 - INFO - Upbit — no changes
2026-02-11 16:22:29,913 - INFO - Processing Bybit...
2026-02-11 16:22:31,352 - INFO - Bybit — no changes
2026-02-11 16:22:32,354 - INFO - Processing OKX...
2026-02-11 16:22:33,599 - INFO - OKX — no changes
2026-02-11 16:22:34,600 - INFO - No changes, notification not sent
2026-02-11 16:22:34,600 - INFO - Check cycle finished
2026-02-11 16:22:34,601 - INFO - Next check in 50 seconds...
2026-02-11 16:23:43,649 - INFO - === Listings & Announcements Bot Started ===
2026-02-11 16:23:43,649 - INFO - Check interval: 60 seconds
2026-02-11 16:23:43,649 - INFO - ==================================================
2026-02-11 16:23:43,649 - INFO - Starting check cycle
2026-02-11 16:23:43,650 - INFO - Processing Binance...
2026-02-11 16:23:46,036 - INFO - Processing KuCoin...
2026-02-11 16:23:48,257 - INFO - Processing Gate.io...
2026-02-11 16:23:51,701 - INFO - Processing MEXC...
2026-02-11 16:23:53,482 - INFO - Processing LBank...
2026-02-11 16:23:55,877 - INFO - Processing Upbit...
2026-02-11 16:23:58,213 - INFO - Processing Bybit...
2026-02-11 16:24:00,532 - INFO - Processing OKX...
2026-02-11 16:24:02,366 - INFO - Processing Bitget...
2026-02-11 16:24:03,284 - WARNING - Bitget no data
2026-02-11 16:24:04,285 - INFO - Processing BingX...
2026-02-11 16:24:05,605 - WARNING - BingX no data
2026-02-11 16:24:06,606 - INFO - Checking announcements...
2026-02-11 16:24:08,101 - INFO - No changes or announcements
2026-02-11 16:24:08,102 - INFO - Check cycle finished
2026-02-11 16:24:08,102 - INFO - Next check in 60 seconds...
2026-02-11 16:24:26,720 - INFO - === Listings & Announcements Bot Started ===
2026-02-11 16:24:26,720 - INFO - Check interval: 60 seconds
2026-02-11 16:24:26,721 - INFO - ==================================================
2026-02-11 16:24:26,721 - INFO - Starting check cycle
2026-02-11 16:24:26,721 - INFO - Processing Binance...
2026-02-11 16:24:29,157 - INFO - Processing KuCoin...
2026-02-11 16:24:31,056 - INFO - Processing Gate.io...
2026-02-11 16:24:34,525 - INFO - Processing MEXC...
2026-02-11 16:24:36,232 - INFO - Processing LBank...
2026-02-11 16:24:38,683 - INFO - Processing Upbit...
2026-02-11 16:24:41,260 - INFO - Processing Bybit...
2026-02-11 16:24:43,350 - INFO - Processing OKX...
2026-02-11 16:24:45,204 - INFO - Processing Bitget...
2026-02-11 16:24:46,081 - WARNING - Bitget no data
2026-02-11 16:24:47,081 - INFO - Processing BingX...
2026-02-11 16:24:48,318 - WARNING - BingX no data
2026-02-11 16:24:49,319 - INFO - Checking announcements...
2026-02-11 16:24:50,728 - INFO - No changes or announcements
2026-02-11 16:24:50,728 - INFO - Check cycle finished
2026-02-11 16:24:50,728 - INFO - Next check in 60 seconds...
2026-02-11 16:25:50,729 - INFO - ==================================================
2026-02-11 16:25:50,729 - INFO - Starting check cycle
2026-02-11 16:25:50,730 - INFO - Processing Binance...
2026-02-11 16:25:53,784 - INFO - Processing KuCoin...
2026-02-11 16:25:55,688 - INFO - Processing Gate.io...
2026-02-11 16:25:59,175 - INFO - Processing MEXC...
2026-02-11 16:26:00,878 - INFO - Processing LBank...
2026-02-11 16:26:03,327 - INFO - Processing Upbit...
2026-02-11 16:26:05,676 - INFO - Processing Bybit...
2026-02-11 16:26:07,780 - INFO - Processing OKX...
2026-02-11 16:26:09,978 - INFO - Processing Bitget...
2026-02-11 16:26:10,911 - WARNING - Bitget no data
2026-02-11 16:26:11,912 - INFO - Processing BingX...
2026-02-11 16:26:13,266 - WARNING - BingX no data
2026-02-11 16:26:14,266 - INFO - Checking announcements...
2026-02-11 16:26:15,713 - INFO - No changes or announcements
2026-02-11 16:26:15,713 - INFO - Check cycle finished
2026-02-11 16:26:15,713 - INFO - Next check in 60 seconds...
2026-02-11 16:27:15,714 - INFO - ==================================================
2026-02-11 16:27:15,714 - INFO - Starting check cycle
2026-02-11 16:27:15,714 - INFO - Processing Binance...
2026-02-11 16:27:18,269 - INFO - Processing KuCoin...
2026-02-11 16:27:20,288 - INFO - Processing Gate.io...
2026-02-11 16:27:23,794 - INFO - Processing MEXC...
2026-02-11 16:27:25,642 - INFO - Processing LBank...
2026-02-11 16:27:28,027 - INFO - Processing Upbit...
2026-02-11 16:27:30,424 - INFO - Processing Bybit...
2026-02-11 16:27:32,969 - INFO - Processing OKX...
2026-02-11 16:27:34,878 - INFO - Processing Bitget...
2026-02-11 16:27:35,782 - WARNING - Bitget no data
2026-02-11 16:27:36,783 - INFO - Processing BingX...
2026-02-11 16:27:38,046 - WARNING - BingX no data
2026-02-11 16:27:39,047 - INFO - Checking announcements...
2026-02-11 16:27:41,066 - INFO - No changes or announcements
2026-02-11 16:27:41,066 - INFO - Check cycle finished
2026-02-11 16:27:41,066 - INFO - Next check in 60 seconds...
2026-02-11 16:28:41,067 - INFO - ==================================================
2026-02-11 16:28:41,068 - INFO - Starting check cycle
2026-02-11 16:28:41,068 - INFO - Processing Binance...
2026-02-11 16:28:43,752 - INFO - Processing KuCoin...
2026-02-11 16:28:45,672 - INFO - Processing Gate.io...
2026-02-11 16:28:49,054 - INFO - Processing MEXC...
2026-02-11 16:28:50,862 - INFO - Processing LBank...
2026-02-11 16:28:53,184 - INFO - Processing Upbit...
2026-02-11 16:28:55,533 - INFO - Processing Bybit...
2026-02-11 16:28:57,417 - INFO - Processing OKX...
2026-02-11 16:28:59,469 - INFO - Processing Bitget...
2026-02-11 16:29:00,373 - WARNING - Bitget no data
2026-02-11 16:29:01,374 - INFO - Processing BingX...
2026-02-11 16:29:02,767 - WARNING - BingX no data
2026-02-11 16:29:03,768 - INFO - Checking announcements...
2026-02-11 16:29:05,359 - INFO - No changes or announcements
2026-02-11 16:29:05,359 - INFO - Check cycle finished
2026-02-11 16:29:05,360 - INFO - Next check in 60 seconds...
2026-02-11 16:30:05,360 - INFO - ==================================================
2026-02-11 16:30:05,360 - INFO - Starting check cycle
2026-02-11 16:30:05,361 - INFO - Processing Binance...
2026-02-11 16:30:07,856 - INFO - Processing KuCoin...
2026-02-11 16:30:09,752 - INFO - Processing Gate.io...
2026-02-11 16:30:13,234 - INFO - Processing MEXC...
2026-02-11 16:30:15,135 - INFO - Processing LBank...
2026-02-11 16:30:17,518 - INFO - Processing Upbit...
2026-02-11 16:30:19,961 - INFO - Processing Bybit...
2026-02-11 16:30:21,926 - INFO - Processing OKX...
2026-02-11 16:30:23,953 - INFO - Processing Bitget...
2026-02-11 16:30:24,797 - WARNING - Bitget no data
2026-02-11 16:30:25,798 - INFO - Processing BingX...
2026-02-11 16:30:26,911 - WARNING - BingX no data
2026-02-11 16:30:27,912 - INFO - Checking announcements...
2026-02-11 16:30:29,392 - INFO - No changes or announcements
2026-02-11 16:30:29,392 - INFO - Check cycle finished
2026-02-11 16:30:29,392 - INFO - Next check in 60 seconds...
2026-02-11 16:31:29,394 - INFO - ==================================================
2026-02-11 16:31:29,394 - INFO - Starting check cycle
2026-02-11 16:31:29,394 - INFO - Processing Binance...
2026-02-11 16:31:32,057 - INFO - Processing KuCoin...
2026-02-11 16:31:34,162 - INFO - Processing Gate.io...
2026-02-11 16:31:37,821 - INFO - Processing MEXC...
2026-02-11 16:31:39,915 - INFO - Processing LBank...
2026-02-11 16:31:42,540 - INFO - Processing Upbit...
2026-02-11 16:31:44,107 - INFO - Upbit new: 1
2026-02-11 16:31:45,107 - INFO - Processing Bybit...
2026-02-11 16:31:47,121 - INFO - Processing OKX...
2026-02-11 16:31:49,066 - INFO - Processing Bitget...
2026-02-11 16:31:50,098 - WARNING - Bitget no data
2026-02-11 16:31:51,098 - INFO - Processing BingX...
2026-02-11 16:31:52,298 - WARNING - BingX no data
2026-02-11 16:31:53,299 - INFO - Checking announcements...
2026-02-11 16:31:55,303 - INFO - HTTP Request: POST https://api.telegram.org/bot8243944572:AAGrQb0zPBdxhtlWC2-fY8go9TDf_i36OdE/sendMessage "HTTP/1.1 200 OK"
2026-02-11 16:31:55,308 - INFO - Sent: Upbit WCT Live on Spot...
2026-02-11 16:31:55,809 - INFO - Check cycle finished
2026-02-11 16:31:55,809 - INFO - Next check in 60 seconds...
2026-02-11 16:32:55,810 - INFO - ==================================================
2026-02-11 16:32:55,810 - INFO - Starting check cycle
2026-02-11 16:32:55,810 - INFO - Processing Binance...
2026-02-11 16:32:58,390 - INFO - Processing KuCoin...
2026-02-11 16:33:00,421 - INFO - Processing Gate.io...
2026-02-11 16:33:04,002 - INFO - Processing MEXC...
2026-02-11 16:33:05,926 - INFO - Processing LBank...
2026-02-11 16:33:08,400 - INFO - Processing Upbit...
2026-02-11 16:33:10,020 - INFO - Upbit delisted: 1
2026-02-11 16:33:11,020 - INFO - Processing Bybit...
2026-02-11 16:33:13,027 - INFO - Processing OKX...
2026-02-11 16:33:14,967 - INFO - Processing Bitget...
2026-02-11 16:33:15,906 - WARNING - Bitget no data
2026-02-11 16:33:16,907 - INFO - Processing BingX...
2026-02-11 16:33:18,420 - WARNING - BingX no data
2026-02-11 16:33:19,421 - INFO - Checking announcements...
2026-02-11 16:33:21,063 - INFO - Sent: Upbit to Delist PISUN from Spot...
2026-02-11 16:33:21,564 - INFO - Check cycle finished
2026-02-11 16:33:21,564 - INFO - Next check in 60 seconds...
2026-02-11 16:34:21,565 - INFO - ==================================================
2026-02-11 16:34:21,566 - INFO - Starting check cycle
2026-02-11 16:34:21,567 - INFO - Processing Binance...
2026-02-11 16:34:24,487 - INFO - Processing KuCoin...
2026-02-11 16:34:27,072 - INFO - Processing Gate.io...
2026-02-11 16:34:31,474 - INFO - Processing MEXC...
2026-02-11 16:34:33,443 - INFO - Processing LBank...
2026-02-11 16:34:35,826 - INFO - Processing Upbit...
2026-02-11 16:34:37,237 - INFO - Upbit delisted: 1
2026-02-11 16:34:38,238 - INFO - Processing Bybit...
2026-02-11 16:34:40,478 - INFO - Processing OKX...
2026-02-11 16:34:42,359 - INFO - Processing Bitget...
2026-02-11 16:34:43,278 - WARNING - Bitget no data
2026-02-11 16:34:44,279 - INFO - Processing BingX...
2026-02-11 16:34:45,616 - WARNING - BingX no data
2026-02-11 16:34:46,616 - INFO - Checking announcements...
2026-02-11 16:34:49,177 - INFO - Sent: Upbit to Delist PISUN from Spot...
2026-02-11 16:34:49,678 - INFO - Check cycle finished
2026-02-11 16:34:49,678 - INFO - Next check in 60 seconds...
2026-02-11 16:36:04,650 - INFO - === Listings & Announcements Bot Started ===
2026-02-11 16:36:04,651 - INFO - Check interval: 60 seconds
2026-02-11 16:36:04,651 - INFO - ==================================================
2026-02-11 16:36:04,651 - INFO - Starting check cycle
2026-02-11 16:36:04,652 - INFO - Processing Binance...
2026-02-11 16:36:07,578 - INFO - Processing KuCoin...
2026-02-11 16:36:09,870 - INFO - Processing Gate.io...
2026-02-11 16:36:14,053 - INFO - Processing MEXC...
2026-02-11 16:36:16,042 - INFO - Processing LBank...
2026-02-11 16:36:18,547 - INFO - Processing Upbit...
2026-02-11 16:36:19,947 - INFO - Upbit delisted: 1
2026-02-11 16:36:20,947 - INFO - Processing Bybit...
2026-02-11 16:36:23,092 - INFO - Processing OKX...
2026-02-11 16:36:24,921 - INFO - Processing Bitget...
2026-02-11 16:36:25,945 - WARNING - Bitget no data
2026-02-11 16:36:26,946 - INFO - Processing BingX...
2026-02-11 16:36:28,501 - WARNING - BingX no data
2026-02-11 16:36:29,502 - INFO - Checking announcements...
2026-02-11 16:36:31,360 - INFO - HTTP Request: POST https://api.telegram.org/bot8243944572:AAGrQb0zPBdxhtlWC2-fY8go9TDf_i36OdE/sendMessage "HTTP/1.1 200 OK"
2026-02-11 16:36:31,362 - INFO - Sent: Upbit to Delist PISUN from Spot...
2026-02-11 16:36:31,862 - INFO - Check cycle finished
2026-02-11 16:36:31,862 - INFO - Next check in 60 seconds...
2026-02-11 16:37:31,863 - INFO - ==================================================
2026-02-11 16:37:31,864 - INFO - Starting check cycle
2026-02-11 16:37:31,864 - INFO - Processing Binance...
2026-02-11 16:37:35,478 - INFO - Processing KuCoin...
2026-02-11 16:37:38,001 - INFO - Processing Gate.io...
2026-02-11 16:37:41,465 - INFO - Processing MEXC...
2026-02-11 16:37:43,490 - INFO - Processing LBank...
2026-02-11 16:37:45,927 - INFO - Processing Upbit...
2026-02-11 16:37:48,435 - INFO - Processing Bybit...
2026-02-11 16:37:50,378 - INFO - Processing OKX...
2026-02-11 16:37:52,245 - INFO - Processing Bitget...
2026-02-11 16:37:53,129 - WARNING - Bitget no data
2026-02-11 16:37:54,130 - INFO - Processing BingX...
2026-02-11 16:37:55,430 - WARNING - BingX no data
2026-02-11 16:37:56,430 - INFO - Checking announcements...
2026-02-11 16:37:57,884 - INFO - No changes or announcements
2026-02-11 16:37:57,884 - INFO - Check cycle finished
2026-02-11 16:37:57,884 - INFO - Next check in 60 seconds...
2026-02-11 16:47:45,072 - INFO - === Listings & Announcements Bot Started ===
2026-02-11 16:47:45,072 - INFO - Check interval: 300 seconds
2026-02-11 16:47:45,072 - INFO - ==================================================
2026-02-11 16:47:45,072 - INFO - Starting check cycle
2026-02-11 16:47:45,072 - INFO - Processing Binance...
2026-02-11 16:47:47,478 - INFO - Processing KuCoin...
2026-02-11 16:47:49,370 - INFO - Processing Gate.io...
2026-02-11 16:47:52,940 - INFO - Processing MEXC...
2026-02-11 16:47:54,691 - INFO - Processing LBank...
2026-02-11 16:47:57,501 - INFO - Processing Upbit...
2026-02-11 16:48:00,052 - INFO - Processing Bybit...
2026-02-11 16:48:02,075 - INFO - Processing OKX...
2026-02-11 16:48:04,193 - INFO - Processing Bitget...
2026-02-11 16:48:05,096 - WARNING - Bitget no data
2026-02-11 16:48:06,097 - INFO - Processing BingX...
2026-02-11 16:48:07,362 - WARNING - BingX no data
2026-02-11 16:48:08,363 - INFO - Checking announcements...
2026-02-11 16:48:18,459 - INFO - No changes or announcements
2026-02-11 16:48:18,460 - INFO - Check cycle finished
2026-02-11 16:48:18,460 - INFO - Next check in 300 seconds...
